0 info it worked if it ends with ok
1 verbose cli [ '/usr/local/Cellar/node/5.0.0/bin/node',
1 verbose cli   '/usr/local/bin/npm',
1 verbose cli   'publish' ]
2 info using npm@3.3.9
3 info using node@v5.0.0
4 verbose publish [ '.' ]
5 silly cache add args [ '.', null ]
6 verbose cache add spec .
7 silly cache add parsed spec Result {
7 silly cache add   raw: '.',
7 silly cache add   scope: null,
7 silly cache add   name: null,
7 silly cache add   rawSpec: '.',
7 silly cache add   spec: '/Users/hieutrtr/projects/avro-js',
7 silly cache add   type: 'directory' }
8 verbose addLocalDirectory /Users/hieutrtr/.npm/avro-js/1.8.0/package.tgz not in flight; packing
9 info lifecycle avro-js@1.8.0~prepublish: avro-js@1.8.0
10 silly lifecycle avro-js@1.8.0~prepublish: no script for prepublish, continuing
11 verbose tar pack [ '/Users/hieutrtr/.npm/avro-js/1.8.0/package.tgz',
11 verbose tar pack   '/Users/hieutrtr/projects/avro-js' ]
12 verbose tarball /Users/hieutrtr/.npm/avro-js/1.8.0/package.tgz
13 verbose folder /Users/hieutrtr/projects/avro-js
14 verbose addLocalTarball adding from inside cache /Users/hieutrtr/.npm/avro-js/1.8.0/package.tgz
15 silly cache afterAdd avro-js@1.8.0
16 verbose afterAdd /Users/hieutrtr/.npm/avro-js/1.8.0/package/package.json not in flight; writing
17 verbose afterAdd /Users/hieutrtr/.npm/avro-js/1.8.0/package/package.json written
18 silly publish { _args: [ [ 'avro-js' ] ],
18 silly publish   _from: '.',
18 silly publish   _id: 'avro-js@1.8.0',
18 silly publish   _inCache: true,
18 silly publish   _installable: true,
18 silly publish   _location: '/avro-js',
18 silly publish   _nodeVersion: '5.0.0',
18 silly publish   _npmOperationalInternal:
18 silly publish    { host: 'packages-5-east.internal.npmjs.com',
18 silly publish      tmp: 'tmp/avro-js-1.8.0.tgz_1455896083408_0.7546429915819317' },
18 silly publish   _npmUser: { email: 'hieutrantrung.it@gmail.com', name: 'Hieu Slash' },
18 silly publish   _npmVersion: '2.11.0',
18 silly publish   _phantomChildren: {},
18 silly publish   _requested:
18 silly publish    { name: 'avro-js',
18 silly publish      raw: 'avro-js',
18 silly publish      rawSpec: '',
18 silly publish      scope: null,
18 silly publish      spec: '*',
18 silly publish      type: 'range' },
18 silly publish   _requiredBy: [ '/' ],
18 silly publish   _resolved: 'https://registry.npmjs.org/avro-js/-/avro-js-1.8.0.tgz',
18 silly publish   _shasum: 'd98aae2367d7deeabbe8cd6472777b4a95b6446e',
18 silly publish   _shrinkwrap: null,
18 silly publish   _spec: 'avro-js',
18 silly publish   author: { name: 'Avro Developers', email: 'dev@avro.apache.org' },
18 silly publish   browser:
18 silly publish    { './lib': './etc/browser/avro.js',
18 silly publish      crypto: './etc/browser/crypto.js' },
18 silly publish   contributors:
18 silly publish    [ { name: 'Matthieu Monsch', email: 'monsch@alum.mit.edu' },
18 silly publish      { name: 'Quinn Slack', email: 'sqs@cs.stanford.edu' } ],
18 silly publish   dependencies: { underscore: '*' },
18 silly publish   description: 'JavaScript Avro implementation',
18 silly publish   devDependencies:
18 silly publish    { coveralls: '^2.11.4',
18 silly publish      istanbul: '^0.3.19',
18 silly publish      mocha: '^2.3.2',
18 silly publish      tmp: '^0.0.28' },
18 silly publish   directories: {},
18 silly publish   dist:
18 silly publish    { shasum: 'b39b348baed332bd0a81ca2d0c82c3497b1a9236',
18 silly publish      tarball: 'https://registry.npmjs.org/avro-js/-/avro-js-1.8.0.tgz' },
18 silly publish   engine: { node: '>=0.11' },
18 silly publish   files:
18 silly publish    [ 'LICENSE',
18 silly publish      'NOTICE',
18 silly publish      'etc/browser',
18 silly publish      'etc/deprecated/validator.js',
18 silly publish      'lib' ],
18 silly publish   keywords: [ 'avro', 'json' ],
18 silly publish   license: 'Apache-2.0',
18 silly publish   main: './lib',
18 silly publish   maintainers: [ { name: 'mtth', email: 'monsch@alum.mit.edu' } ],
18 silly publish   name: 'avro-js',
18 silly publish   noAnalyze: true,
18 silly publish   optionalDependencies: {},
18 silly publish   repository:
18 silly publish    { type: 'svn',
18 silly publish      url: 'http://svn.apache.org/repos/asf/avro/trunk/lang/js/' },
18 silly publish   scripts:
18 silly publish    { clean: 'rm -rf node_modules',
18 silly publish      test: 'mocha --ui tdd --reporter dot' },
18 silly publish   version: '1.8.0',
18 silly publish   readme: '<!--\nLicensed to the Apache Software Foundation (ASF) under one\nor more contributor license agreements.  See the NOTICE file\ndistributed with this work for additional information\nregarding copyright ownership.  The ASF licenses this file\nto you under the Apache License, Version 2.0 (the\n"License"); you may not use this file except in compliance\nwith the License.  You may obtain a copy of the License at\n\nhttp://www.apache.org/licenses/LICENSE-2.0\n\nUnless required by applicable law or agreed to in writing, software\ndistributed under the License is distributed on an "AS IS" BASIS,\nWITHOUT WARRANTIES OR CONDITIONS OF ANY KIND, either express or implied.\nSee the License for the specific language governing permissions and\nlimitations under the License.\n-->\n\n\n# Avro-js\n\nPure JavaScript implementation of the [Avro specification](https://avro.apache.org/docs/current/spec.html).\n\n\n## Features\n\n+ Fast! Typically twice as fast as JSON with much smaller encodings.\n+ Full Avro support, including recursive schemas, sort order, and evolution.\n+ Serialization of arbitrary JavaScript objects via logical types.\n+ Unopinionated 64-bit integer compatibility.\n+ No dependencies, `avro-js` even runs in the browser.\n\n\n## Installation\n\n```bash\n$ npm install avro-js\n```\n\n`avro-js` is compatible with all versions of [node.js][] since `0.11` and major\nbrowsers via [browserify][].\n\n\n## Documentation\n\nSee `doc/` folder.\n\n\n## Examples\n\nInside a node.js module, or using browserify:\n\n```javascript\nvar avro = require(\'avro-js\');\n```\n\n+ Encode and decode objects:\n\n  ```javascript\n  // We can declare a schema inline:\n  var type = avro.parse({\n    name: \'Pet\',\n    type: \'record\',\n    fields: [\n      {name: \'kind\', type: {name: \'Kind\', type: \'enum\', symbols: [\'CAT\', \'DOG\']}},\n      {name: \'name\', type: \'string\'}\n    ]\n  });\n  var pet = {kind: \'CAT\', name: \'Albert\'};\n  var buf = type.toBuffer(pet); // Serialized object.\n  var obj = type.fromBuffer(buf); // {kind: \'CAT\', name: \'Albert\'}\n  ```\n\n+ Generate random instances of a schema:\n\n  ```javascript\n  // We can also parse a JSON-stringified schema:\n  var type = avro.parse(\'{"type": "fixed", "name": "Id", "size": 4}\');\n  var id = type.random(); // E.g. Buffer([48, 152, 2, 123])\n  ```\n\n+ Check whether an object fits a given schema:\n\n  ```javascript\n  // Or we can specify a path to a schema file (not in the browser):\n  var type = avro.parse(\'./Person.avsc\');\n  var person = {name: \'Bob\', address: {city: \'Cambridge\', zip: \'02139\'}};\n  var status = type.isValid(person); // Boolean status.\n  ```\n\n+ Get a [readable stream][readable-stream] of decoded records from an Avro\n  container file (not in the browser):\n\n  ```javascript\n  avro.createFileDecoder(\'./records.avro\')\n    .on(\'metadata\', function (type) { /* `type` is the writer\'s type. */ })\n    .on(\'data\', function (record) { /* Do something with the record. */ });\n  ```\n\n\n[node.js]: https://nodejs.org/en/\n[readable-stream]: https://nodejs.org/api/stream.html#stream_class_stream_readable\n[browserify]: http://browserify.org/\n',
18 silly publish   readmeFilename: 'README.md',
18 silly publish   gitHead: 'bd5a54ba6e517fc223fdbedb4c4a7deba982ae9d' }
19 verbose getPublishConfig undefined
20 silly mapToRegistry name avro-js
21 silly mapToRegistry using default registry
22 silly mapToRegistry registry https://registry.npmjs.org/
23 silly mapToRegistry uri https://registry.npmjs.org/avro-js
24 verbose publish registryBase https://registry.npmjs.org/
25 silly publish uploading /Users/hieutrtr/.npm/avro-js/1.8.0/package.tgz
26 verbose request uri https://registry.npmjs.org/avro-js
27 verbose request sending authorization for write operation
28 info attempt registry request try #1 at 3:34:59 PM
29 verbose request using bearer token for auth
30 verbose request id aa445cd6533c76e0
31 http request PUT https://registry.npmjs.org/avro-js
32 http 403 https://registry.npmjs.org/avro-js
33 verbose headers { 'content-type': 'application/json',
33 verbose headers   'cache-control': 'max-age=300',
33 verbose headers   'content-length': '101',
33 verbose headers   'accept-ranges': 'bytes',
33 verbose headers   date: 'Fri, 15 Apr 2016 08:35:02 GMT',
33 verbose headers   via: '1.1 varnish',
33 verbose headers   connection: 'keep-alive',
33 verbose headers   'x-served-by': 'cache-sin6925-SIN',
33 verbose headers   'x-cache': 'MISS',
33 verbose headers   'x-cache-hits': '0',
33 verbose headers   'x-timer': 'S1460709301.062806,VS0,VE1522',
33 verbose headers   vary: 'Accept-Encoding' }
34 verbose request invalidating /Users/hieutrtr/.npm/registry.npmjs.org/avro-js on PUT
35 error publish Failed PUT 403
36 verbose stack Error: you do not have permission to publish "avro-js". Are you logged in as the correct user? : avro-js
36 verbose stack     at makeError (/usr/local/lib/node_modules/npm/node_modules/npm-registry-client/lib/request.js:264:12)
36 verbose stack     at CachingRegistryClient.<anonymous> (/usr/local/lib/node_modules/npm/node_modules/npm-registry-client/lib/request.js:252:14)
36 verbose stack     at Request._callback (/usr/local/lib/node_modules/npm/node_modules/npm-registry-client/lib/request.js:172:14)
36 verbose stack     at Request.self.callback (/usr/local/lib/node_modules/npm/node_modules/request/request.js:198:22)
36 verbose stack     at emitTwo (events.js:87:13)
36 verbose stack     at Request.emit (events.js:172:7)
36 verbose stack     at Request.<anonymous> (/usr/local/lib/node_modules/npm/node_modules/request/request.js:1082:10)
36 verbose stack     at emitOne (events.js:82:20)
36 verbose stack     at Request.emit (events.js:169:7)
36 verbose stack     at IncomingMessage.<anonymous> (/usr/local/lib/node_modules/npm/node_modules/request/request.js:1009:12)
37 verbose statusCode 403
38 verbose pkgid avro-js
39 verbose cwd /Users/hieutrtr/projects/avro-js
40 error Darwin 15.2.0
41 error argv "/usr/local/Cellar/node/5.0.0/bin/node" "/usr/local/bin/npm" "publish"
42 error node v5.0.0
43 error npm  v3.3.9
44 error code E403
45 error you do not have permission to publish "avro-js". Are you logged in as the correct user? : avro-js
46 error If you need help, you may report this error at:
46 error     <https://github.com/npm/npm/issues>
47 verbose exit [ 1, true ]
